[36mINFO[0m[0360] shutdown app and closing resources ...       
[36mINFO[0m[0360] application terminated ...                   
[31mERRO[0m[0360] failed to start server http: Server closed   
[36mINFO[0m[0377] shutdown app and closing resources ...       
[36mINFO[0m[0377] application terminated ...                   
[31mERRO[0m[0377] failed to start server http: Server closed   
[31mERRO[0m[0198] path=/articles/create-articles error=articles.base: Not Found 
[36mINFO[0m[0590] shutdown app and closing resources ...       
[31mERRO[0m[0590] failed to start server http: Server closed   
[36mINFO[0m[0590] application terminated ...                   
[31mERRO[0m[0007] path=/articles/create-articles error=articles.base: Not Found 
[36mINFO[0m[0162] shutdown app and closing resources ...       
[31mERRO[0m[0162] failed to start server http: Server closed   
[36mINFO[0m[0162] application terminated ...                   
[31mERRO[0m[0003] path=/articles/create-articles error=articles.base: Not Found 
[36mINFO[0m[0019] shutdown app and closing resources ...       
[31mERRO[0m[0019] failed to start server http: Server closed   
[36mINFO[0m[0019] application terminated ...                   
[31mERRO[0m[0006] path=/articles/create-articles error=articles.base: Not Found 
[36mINFO[0m[0079] shutdown app and closing resources ...       
[31mERRO[0m[0079] failed to start server http: Server closed   
[36mINFO[0m[0079] application terminated ...                   
[31mERRO[0m[0004] path=/articles/create-articles error=articles.base: Not Found 
[36mINFO[0m[0027] shutdown app and closing resources ...       
[36mINFO[0m[0027] application terminated ...                   
[31mERRO[0m[0004] path=/articles/create-articles error=articles.base: Not Found 
[36mINFO[0m[0021] shutdown app and closing resources ...       
[31mERRO[0m[0021] failed to start server http: Server closed   
[36mINFO[0m[0021] application terminated ...                   
[31mERRO[0m[0010] path=/articles/create-articles error=articles.base: Not Found 
[36mINFO[0m[0032] shutdown app and closing resources ...       
[36mINFO[0m[0032] application terminated ...                   
[31mERRO[0m[0032] failed to start server http: Server closed   
[31mERRO[0m[0005] path=/articles/create-articles error=articles.base: Not Found 
[36mINFO[0m[0083] shutdown app and closing resources ...       
[31mERRO[0m[0083] failed to start server http: Server closed   
[36mINFO[0m[0083] application terminated ...                   
[31mERRO[0m[0002] path=/articles/create-articles error=articles.base: Not Found 
[36mINFO[0m[0065] shutdown app and closing resources ...       
[31mERRO[0m[0065] failed to start server http: Server closed   
[36mINFO[0m[0065] application terminated ...                   
[31mERRO[0m[0003] path=/articles/create-articles error=articles.base: Not Found 
[31mERRO[0m[0034] path=/articles/create-articles error=articles.base: Not Found 
[31mERRO[0m[0035] path=/articles/create-articles error=articles.base: Not Found 
[31mERRO[0m[0060] path=/articles/create-articles error=articles.base: Not Found 
[36mINFO[0m[0084] shutdown app and closing resources ...       
[31mERRO[0m[0084] failed to start server http: Server closed   
[36mINFO[0m[0084] application terminated ...                   
[36mINFO[0m[0000] shutdown app and closing resources ...       
[36mINFO[0m[0000] application terminated ...                   
[31mERRO[0m[0000] failed to start server http: Server closed   
[31mERRO[0m[0004] path=/articles/create-articles error=articles.base: Not Found 
[36mINFO[0m[0502] shutdown app and closing resources ...       
[36mINFO[0m[0502] application terminated ...                   
[31mERRO[0m[0502] failed to start server http: Server closed   
[36mINFO[0m[0266] shutdown app and closing resources ...       
[31mERRO[0m[0266] failed to start server http: Server closed   
[36mINFO[0m[0266] application terminated ...                   
[36mINFO[0m[0069] shutdown app and closing resources ...       
[36mINFO[0m[0069] application terminated ...                   
[31mERRO[0m[0069] failed to start server http: Server closed   
[36mINFO[0m[0357] shutdown app and closing resources ...       
[31mERRO[0m[0357] failed to start server http: Server closed   
[36mINFO[0m[0357] application terminated ...                   
[37mDEBU[0m[0007] error get by id author : articles.base: resource not found author 
[36mINFO[0m[0163] shutdown app and closing resources ...       
[36mINFO[0m[0163] application terminated ...                   
[31mERRO[0m[0163] failed to start server http: Server closed   
[36mINFO[0m[2582] shutdown app and closing resources ...       
[31mERRO[0m[2582] failed to start server http: Server closed   
[36mINFO[0m[2582] application terminated ...                   
[36mINFO[0m[0020] shutdown app and closing resources ...       
[36mINFO[0m[0020] application terminated ...                   
[31mERRO[0m[0020] failed to start server http: Server closed   
[36mINFO[0m[0077] shutdown app and closing resources ...       
[36mINFO[0m[0077] application terminated ...                   
[36mINFO[0m[0033] shutdown app and closing resources ...       
[36mINFO[0m[0033] application terminated ...                   
[36mINFO[0m[0716] shutdown app and closing resources ...       
[31mERRO[0m[0716] failed to start server http: Server closed   
[36mINFO[0m[0716] application terminated ...                   
[36mINFO[0m[0032] shutdown app and closing resources ...       
[36mINFO[0m[0032] application terminated ...                   
[31mERRO[0m[0032] failed to start server http: Server closed   
[36mINFO[0m[0036] shutdown app and closing resources ...       
[36mINFO[0m[0036] application terminated ...                   
[36mINFO[0m[0021] shutdown app and closing resources ...       
[31mERRO[0m[0021] failed to start server http: Server closed   
[36mINFO[0m[0021] application terminated ...                   
[36mINFO[0m[0291] shutdown app and closing resources ...       
[36mINFO[0m[0291] application terminated ...                   
[31mERRO[0m[0291] failed to start server http: Server closed   
[36mINFO[0m[0129] shutdown app and closing resources ...       
[36mINFO[0m[0129] application terminated ...                   
[31mERRO[0m[0129] failed to start server http: Server closed   
[36mINFO[0m[0026] shutdown app and closing resources ...       
[31mERRO[0m[0026] failed to start server http: Server closed   
[36mINFO[0m[0026] application terminated ...                   
[36mINFO[0m[0036] shutdown app and closing resources ...       
[31mERRO[0m[0036] failed to start server http: Server closed   
[36mINFO[0m[0036] application terminated ...                   
[36mINFO[0m[0021] shutdown app and closing resources ...       
[31mERRO[0m[0021] failed to start server http: Server closed   
[36mINFO[0m[0021] application terminated ...                   
[36mINFO[0m[0081] shutdown app and closing resources ...       
[31mERRO[0m[0081] failed to start server http: Server closed   
[36mINFO[0m[0081] application terminated ...                   
[36mINFO[0m[0171] shutdown app and closing resources ...       
[36mINFO[0m[0171] application terminated ...                   
[31mERRO[0m[0171] failed to start server http: Server closed   
[36mINFO[0m[0250] shutdown app and closing resources ...       
[36mINFO[0m[0250] application terminated ...                   
[31mERRO[0m[0250] failed to start server http: Server closed   
[36mINFO[0m[0093] shutdown app and closing resources ...       
[31mERRO[0m[0093] failed to start server http: Server closed   
[36mINFO[0m[0093] application terminated ...                   
[36mINFO[0m[0026] shutdown app and closing resources ...       
[36mINFO[0m[0026] application terminated ...                   
[36mINFO[0m[0020] shutdown app and closing resources ...       
[36mINFO[0m[0020] application terminated ...                   
[31mERRO[0m[0020] failed to start server http: Server closed   
[36mINFO[0m[0222] shutdown app and closing resources ...       
[31mERRO[0m[0222] failed to start server http: Server closed   
[36mINFO[0m[0222] application terminated ...                   
[36mINFO[0m[0114] shutdown app and closing resources ...       
[36mINFO[0m[0114] application terminated ...                   
[36mINFO[0m[0051] shutdown app and closing resources ...       
[31mERRO[0m[0051] failed to start server http: Server closed   
[36mINFO[0m[0051] application terminated ...                   
[36mINFO[0m[0129] shutdown app and closing resources ...       
[31mERRO[0m[0129] failed to start server http: Server closed   
[36mINFO[0m[0129] application terminated ...                   
[36mINFO[0m[0044] shutdown app and closing resources ...       
[36mINFO[0m[0044] application terminated ...                   
[36mINFO[0m[0025] shutdown app and closing resources ...       
[36mINFO[0m[0025] application terminated ...                   
[31mERRO[0m[0025] failed to start server http: Server closed   
[36mINFO[0m[0086] shutdown app and closing resources ...       
[31mERRO[0m[0086] failed to start server http: Server closed   
[36mINFO[0m[0086] application terminated ...                   
[36mINFO[0m[0020] shutdown app and closing resources ...       
[31mERRO[0m[0020] failed to start server http: Server closed   
[36mINFO[0m[0020] application terminated ...                   
[36mINFO[0m[0040] shutdown app and closing resources ...       
[31mERRO[0m[0040] failed to start server http: Server closed   
[36mINFO[0m[0040] application terminated ...                   
[36mINFO[0m[0119] shutdown app and closing resources ...       
[31mERRO[0m[0119] failed to start server http: Server closed   
[36mINFO[0m[0119] application terminated ...                   
[36mINFO[0m[0034] shutdown app and closing resources ...       
[36mINFO[0m[0034] application terminated ...                   
[31mERRO[0m[0034] failed to start server http: Server closed   
[36mINFO[0m[0149] shutdown app and closing resources ...       
[36mINFO[0m[0149] application terminated ...                   
[36mINFO[0m[0015] shutdown app and closing resources ...       
[36mINFO[0m[0015] application terminated ...                   
[31mERRO[0m[0015] failed to start server http: Server closed   
[36mINFO[0m[0122] shutdown app and closing resources ...       
[31mERRO[0m[0122] failed to start server http: Server closed   
[36mINFO[0m[0122] application terminated ...                   
[36mINFO[0m[0399] shutdown app and closing resources ...       
[36mINFO[0m[0399] application terminated ...                   
[36mINFO[0m[0032] shutdown app and closing resources ...       
[31mERRO[0m[0032] failed to start server http: Server closed   
[36mINFO[0m[0032] application terminated ...                   
[36mINFO[0m[0034] shutdown app and closing resources ...       
[31mERRO[0m[0034] failed to start server http: Server closed   
[36mINFO[0m[0034] application terminated ...                   
